# JRE version: OpenJDK Runtime Environment (8.0_152-b01) (build 1.8.0_152-release-915-b01)
# Java VM: OpenJDK 64-Bit Server VM (25.152-b01 mixed mode windows-amd64 compressed oops)
Heap:
 PSYoungGen      total 244224K, used 125519K [0x00000000eab00000, 0x00000000fac00000, 0x0000000100000000)
  eden space 228864K, 54% used [0x00000000eab00000,0x00000000f2593e50,0x00000000f8a80000)
  from space 15360K, 0% used [0x00000000f9880000,0x00000000f9880000,0x00000000fa780000)
  to   space 14336K, 0% used [0x00000000f8a80000,0x00000000f8a80000,0x00000000f9880000)
 ParOldGen       total 175104K, used 15422K [0x00000000c0000000, 0x00000000cab00000, 0x00000000eab00000)
  object space 175104K, 8% used [0x00000000c0000000,0x00000000c0f0f878,0x00000000cab00000)
 Metaspace       used 42861K, capacity 43818K, committed 44032K, reserved 1087488K
  class space    used 5767K, capacity 6127K, committed 6144K, reserved 1048576K
GC Heap History (10 events):
Event: 6.304 GC heap before
{Heap before GC invocations=4 (full 1):
 PSYoungGen      total 76288K, used 6548K [0x00000000eab00000, 0x00000000f4000000, 0x0000000100000000)
  eden space 65536K, 0% used [0x00000000eab00000,0x00000000eab00000,0x00000000eeb00000)
  from space 10752K, 60% used [0x00000000eeb00000,0x00000000ef165250,0x00000000ef580000)
  to   space 10752K, 0% used [0x00000000f3580000,0x00000000f3580000,0x00000000f4000000)
 ParOldGen       total 175104K, used 1935K [0x00000000c0000000, 0x00000000cab00000, 0x00000000eab00000)
  object space 175104K, 1% used [0x00000000c0000000,0x00000000c01e3e20,0x00000000cab00000)
 Metaspace       used 20712K, capacity 21112K, committed 21248K, reserved 1067008K
  class space    used 2865K, capacity 3035K, committed 3072K, reserved 1048576K
Event: 6.363 GC heap after
Heap after GC invocations=4 (full 1):
 PSYoungGen      total 76288K, used 0K [0x00000000eab00000, 0x00000000f4000000, 0x0000000100000000)
  eden space 65536K, 0% used [0x00000000eab00000,0x00000000eab00000,0x00000000eeb00000)
  from space 10752K, 0% used [0x00000000eeb00000,0x00000000eeb00000,0x00000000ef580000)
  to   space 10752K, 0% used [0x00000000f3580000,0x00000000f3580000,0x00000000f4000000)
 ParOldGen       total 175104K, used 6499K [0x00000000c0000000, 0x00000000cab00000, 0x00000000eab00000)
  object space 175104K, 3% used [0x00000000c0000000,0x00000000c0658c58,0x00000000cab00000)
 Metaspace       used 20712K, capacity 21112K, committed 21248K, reserved 1067008K
  class space    used 2865K, capacity 3035K, committed 3072K, reserved 1048576K
}
Event: 9.044 GC heap before
{Heap before GC invocations=5 (full 1):
 PSYoungGen      total 76288K, used 65536K [0x00000000eab00000, 0x00000000f4000000, 0x0000000100000000)
  eden space 65536K, 100% used [0x00000000eab00000,0x00000000eeb00000,0x00000000eeb00000)
  from space 10752K, 0% used [0x00000000eeb00000,0x00000000eeb00000,0x00000000ef580000)
  to   space 10752K, 0% used [0x00000000f3580000,0x00000000f3580000,0x00000000f4000000)
 ParOldGen       total 175104K, used 6499K [0x00000000c0000000, 0x00000000cab00000, 0x00000000eab00000)
  object space 175104K, 3% used [0x00000000c0000000,0x00000000c0658c58,0x00000000cab00000)
 Metaspace       used 26145K, capacity 26670K, committed 26880K, reserved 1073152K
  class space    used 3546K, capacity 3750K, committed 3840K, reserved 1048576K
Event: 9.057 GC heap after
Heap after GC invocations=5 (full 1):
 PSYoungGen      total 130560K, used 6904K [0x00000000eab00000, 0x00000000f3c80000, 0x0000000100000000)
  eden space 123392K, 0% used [0x00000000eab00000,0x00000000eab00000,0x00000000f2380000)
  from space 7168K, 96% used [0x00000000f3580000,0x00000000f3c3e2d0,0x00000000f3c80000)
  to   space 10752K, 0% used [0x00000000f2780000,0x00000000f2780000,0x00000000f3200000)
 ParOldGen       total 175104K, used 6507K [0x00000000c0000000, 0x00000000cab00000, 0x00000000eab00000)
  object space 175104K, 3% used [0x00000000c0000000,0x00000000c065ac58,0x00000000cab00000)
 Metaspace       used 26145K, capacity 26670K, committed 26880K, reserved 1073152K
  class space    used 3546K, capacity 3750K, committed 3840K, reserved 1048576K
}
Event: 14.656 GC heap before
{Heap before GC invocations=6 (full 1):
 PSYoungGen      total 130560K, used 130296K [0x00000000eab00000, 0x00000000f3c80000, 0x0000000100000000)
  eden space 123392K, 100% used [0x00000000eab00000,0x00000000f2380000,0x00000000f2380000)
  from space 7168K, 96% used [0x00000000f3580000,0x00000000f3c3e2d0,0x00000000f3c80000)
  to   space 10752K, 0% used [0x00000000f2780000,0x00000000f2780000,0x00000000f3200000)
 ParOldGen       total 175104K, used 6507K [0x00000000c0000000, 0x00000000cab00000, 0x00000000eab00000)
  object space 175104K, 3% used [0x00000000c0000000,0x00000000c065ac58,0x00000000cab00000)
 Metaspace       used 32779K, capacity 33406K, committed 33536K, reserved 1077248K
  class space    used 4476K, capacity 4759K, committed 4864K, reserved 1048576K
Event: 14.683 GC heap after
Heap after GC invocations=6 (full 1):
 PSYoungGen      total 138240K, used 10740K [0x00000000eab00000, 0x00000000fa780000, 0x0000000100000000)
  eden space 127488K, 0% used [0x00000000eab00000,0x00000000eab00000,0x00000000f2780000)
  from space 10752K, 99% used [0x00000000f2780000,0x00000000f31fd1d0,0x00000000f3200000)
  to   space 15360K, 0% used [0x00000000f9880000,0x00000000f9880000,0x00000000fa780000)
 ParOldGen       total 175104K, used 8044K [0x00000000c0000000, 0x00000000cab00000, 0x00000000eab00000)
  object space 175104K, 4% used [0x00000000c0000000,0x00000000c07db298,0x00000000cab00000)
 Metaspace       used 32779K, capacity 33406K, committed 33536K, reserved 1077248K
  class space    used 4476K, capacity 4759K, committed 4864K, reserved 1048576K
}
Event: 15.499 GC heap before
{Heap before GC invocations=7 (full 1):
 PSYoungGen      total 138240K, used 20951K [0x00000000eab00000, 0x00000000fa780000, 0x0000000100000000)
  eden space 127488K, 8% used [0x00000000eab00000,0x00000000eb4f8a98,0x00000000f2780000)
  from space 10752K, 99% used [0x00000000f2780000,0x00000000f31fd1d0,0x00000000f3200000)
  to   space 15360K, 0% used [0x00000000f9880000,0x00000000f9880000,0x00000000fa780000)
 ParOldGen       total 175104K, used 8044K [0x00000000c0000000, 0x00000000cab00000, 0x00000000eab00000)
  object space 175104K, 4% used [0x00000000c0000000,0x00000000c07db298,0x00000000cab00000)
 Metaspace       used 34556K, capacity 35272K, committed 35416K, reserved 1079296K
  class space    used 4705K, capacity 5002K, committed 5120K, reserved 1048576K
Event: 15.532 GC heap after
Heap after GC invocations=7 (full 1):
 PSYoungGen      total 244224K, used 9218K [0x00000000eab00000, 0x00000000fac00000, 0x0000000100000000)
  eden space 228864K, 0% used [0x00000000eab00000,0x00000000eab00000,0x00000000f8a80000)
  from space 15360K, 60% used [0x00000000f9880000,0x00000000fa180818,0x00000000fa780000)
  to   space 14336K, 0% used [0x00000000f8a80000,0x00000000f8a80000,0x00000000f9880000)
 ParOldGen       total 175104K, used 8052K [0x00000000c0000000, 0x00000000cab00000, 0x00000000eab00000)
  object space 175104K, 4% used [0x00000000c0000000,0x00000000c07dd298,0x00000000cab00000)
 Metaspace       used 34556K, capacity 35272K, committed 35416K, reserved 1079296K
  class space    used 4705K, capacity 5002K, committed 5120K, reserved 1048576K
}
Event: 15.532 GC heap before
{Heap before GC invocations=8 (full 2):
 PSYoungGen      total 244224K, used 9218K [0x00000000eab00000, 0x00000000fac00000, 0x0000000100000000)
  eden space 228864K, 0% used [0x00000000eab00000,0x00000000eab00000,0x00000000f8a80000)
  from space 15360K, 60% used [0x00000000f9880000,0x00000000fa180818,0x00000000fa780000)
  to   space 14336K, 0% used [0x00000000f8a80000,0x00000000f8a80000,0x00000000f9880000)
 ParOldGen       total 175104K, used 8052K [0x00000000c0000000, 0x00000000cab00000, 0x00000000eab00000)
  object space 175104K, 4% used [0x00000000c0000000,0x00000000c07dd298,0x00000000cab00000)
 Metaspace       used 34556K, capacity 35272K, committed 35416K, reserved 1079296K
  class space    used 4705K, capacity 5002K, committed 5120K, reserved 1048576K
Event: 15.623 GC heap after
Heap after GC invocations=8 (full 2):
 PSYoungGen      total 244224K, used 0K [0x00000000eab00000, 0x00000000fac00000, 0x0000000100000000)
  eden space 228864K, 0% used [0x00000000eab00000,0x00000000eab00000,0x00000000f8a80000)
  from space 15360K, 0% used [0x00000000f9880000,0x00000000f9880000,0x00000000fa780000)
  to   space 14336K, 0% used [0x00000000f8a80000,0x00000000f8a80000,0x00000000f9880000)
 ParOldGen       total 175104K, used 15422K [0x00000000c0000000, 0x00000000cab00000, 0x00000000eab00000)
  object space 175104K, 8% used [0x00000000c0000000,0x00000000c0f0f878,0x00000000cab00000)
 Metaspace       used 34556K, capacity 35272K, committed 35416K, reserved 1079296K
  class space    used 4705K, capacity 5002K, committed 5120K, reserved 1048576K
}

