# JRE version: OpenJDK Runtime Environment (8.0_152-b01) (build 1.8.0_152-release-915-b01)
# Java VM: OpenJDK 64-Bit Server VM (25.152-b01 mixed mode windows-amd64 compressed oops)
Heap:
 PSYoungGen      total 192512K, used 90751K [0x00000000e0000000, 0x00000000ef680000, 0x0000000100000000)
  eden space 165888K, 54% used [0x00000000e0000000,0x00000000e589fec8,0x00000000ea200000)
  from space 26624K, 0% used [0x00000000ec180000,0x00000000ec180000,0x00000000edb80000)
  to   space 32256K, 0% used [0x00000000ea200000,0x00000000ea200000,0x00000000ec180000)
 ParOldGen       total 58880K, used 58599K [0x00000000a0000000, 0x00000000a3980000, 0x00000000e0000000)
  object space 58880K, 99% used [0x00000000a0000000,0x00000000a3939c20,0x00000000a3980000)
 Metaspace       used 80812K, capacity 84754K, committed 85012K, reserved 1122304K
  class space    used 10573K, capacity 11475K, committed 11540K, reserved 1048576K
GC Heap History (10 events):
Event: 804.395 GC heap before
{Heap before GC invocations=26 (full 4):
 PSYoungGen      total 192512K, used 26604K [0x00000000e0000000, 0x00000000ef680000, 0x0000000100000000)
  eden space 165888K, 0% used [0x00000000e0000000,0x00000000e0000000,0x00000000ea200000)
  from space 26624K, 99% used [0x00000000ec180000,0x00000000edb7b180,0x00000000edb80000)
  to   space 32256K, 0% used [0x00000000ea200000,0x00000000ea200000,0x00000000ec180000)
 ParOldGen       total 58880K, used 55279K [0x00000000a0000000, 0x00000000a3980000, 0x00000000e0000000)
  object space 58880K, 93% used [0x00000000a0000000,0x00000000a35fbd00,0x00000000a3980000)
 Metaspace       used 77809K, capacity 81596K, committed 81812K, reserved 1120256K
  class space    used 10191K, capacity 11100K, committed 11156K, reserved 1048576K
Event: 805.826 GC heap after
Heap after GC invocations=26 (full 4):
 PSYoungGen      total 192512K, used 13593K [0x00000000e0000000, 0x00000000ef680000, 0x0000000100000000)
  eden space 165888K, 0% used [0x00000000e0000000,0x00000000e0000000,0x00000000ea200000)
  from space 26624K, 51% used [0x00000000ec180000,0x00000000ecec67c8,0x00000000edb80000)
  to   space 32256K, 0% used [0x00000000ea200000,0x00000000ea200000,0x00000000ec180000)
 ParOldGen       total 58880K, used 58803K [0x00000000a0000000, 0x00000000a3980000, 0x00000000e0000000)
  object space 58880K, 99% used [0x00000000a0000000,0x00000000a396ce60,0x00000000a3980000)
 Metaspace       used 77809K, capacity 81596K, committed 81812K, reserved 1120256K
  class space    used 10191K, capacity 11100K, committed 11156K, reserved 1048576K
}
Event: 807.511 GC heap before
{Heap before GC invocations=27 (full 5):
 PSYoungGen      total 192512K, used 179481K [0x00000000e0000000, 0x00000000ef680000, 0x0000000100000000)
  eden space 165888K, 100% used [0x00000000e0000000,0x00000000ea200000,0x00000000ea200000)
  from space 26624K, 51% used [0x00000000ec180000,0x00000000ecec67c8,0x00000000edb80000)
  to   space 32256K, 0% used [0x00000000ea200000,0x00000000ea200000,0x00000000ec180000)
 ParOldGen       total 58880K, used 58803K [0x00000000a0000000, 0x00000000a3980000, 0x00000000e0000000)
  object space 58880K, 99% used [0x00000000a0000000,0x00000000a396ce60,0x00000000a3980000)
 Metaspace       used 78794K, capacity 82574K, committed 82708K, reserved 1120256K
  class space    used 10343K, capacity 11247K, committed 11284K, reserved 1048576K
Event: 808.032 GC heap after
Heap after GC invocations=27 (full 5):
 PSYoungGen      total 192512K, used 2686K [0x00000000e0000000, 0x00000000ef680000, 0x0000000100000000)
  eden space 165888K, 0% used [0x00000000e0000000,0x00000000e0000000,0x00000000ea200000)
  from space 26624K, 10% used [0x00000000ec180000,0x00000000ec41fac8,0x00000000edb80000)
  to   space 32256K, 0% used [0x00000000ea200000,0x00000000ea200000,0x00000000ec180000)
 ParOldGen       total 58880K, used 58869K [0x00000000a0000000, 0x00000000a3980000, 0x00000000e0000000)
  object space 58880K, 99% used [0x00000000a0000000,0x00000000a397d5f0,0x00000000a3980000)
 Metaspace       used 78794K, capacity 82574K, committed 82708K, reserved 1120256K
  class space    used 10343K, capacity 11247K, committed 11284K, reserved 1048576K
}
Event: 808.475 GC heap before
{Heap before GC invocations=28 (full 6):
 PSYoungGen      total 192512K, used 132437K [0x00000000e0000000, 0x00000000ef680000, 0x0000000100000000)
  eden space 165888K, 78% used [0x00000000e0000000,0x00000000e7eb59e8,0x00000000ea200000)
  from space 26624K, 10% used [0x00000000ec180000,0x00000000ec41fac8,0x00000000edb80000)
  to   space 32256K, 0% used [0x00000000ea200000,0x00000000ea200000,0x00000000ec180000)
 ParOldGen       total 58880K, used 58869K [0x00000000a0000000, 0x00000000a3980000, 0x00000000e0000000)
  object space 58880K, 99% used [0x00000000a0000000,0x00000000a397d5f0,0x00000000a3980000)
 Metaspace       used 79648K, capacity 83472K, committed 83604K, reserved 1122304K
  class space    used 10466K, capacity 11392K, committed 11412K, reserved 1048576K
Event: 808.691 GC heap after
Heap after GC invocations=28 (full 6):
 PSYoungGen      total 192512K, used 13323K [0x00000000e0000000, 0x00000000ef680000, 0x0000000100000000)
  eden space 165888K, 8% used [0x00000000e0000000,0x00000000e0d02cd0,0x00000000ea200000)
  from space 26624K, 0% used [0x00000000ec180000,0x00000000ec180000,0x00000000edb80000)
  to   space 32256K, 0% used [0x00000000ea200000,0x00000000ea200000,0x00000000ec180000)
 ParOldGen       total 58880K, used 58850K [0x00000000a0000000, 0x00000000a3980000, 0x00000000e0000000)
  object space 58880K, 99% used [0x00000000a0000000,0x00000000a39788b8,0x00000000a3980000)
 Metaspace       used 79648K, capacity 83472K, committed 83604K, reserved 1122304K
  class space    used 10466K, capacity 11392K, committed 11412K, reserved 1048576K
}
Event: 808.901 GC heap before
{Heap before GC invocations=29 (full 7):
 PSYoungGen      total 192512K, used 128964K [0x00000000e0000000, 0x00000000ef680000, 0x0000000100000000)
  eden space 165888K, 77% used [0x00000000e0000000,0x00000000e7df1068,0x00000000ea200000)
  from space 26624K, 0% used [0x00000000ec180000,0x00000000ec180000,0x00000000edb80000)
  to   space 32256K, 0% used [0x00000000ea200000,0x00000000ea200000,0x00000000ec180000)
 ParOldGen       total 58880K, used 58850K [0x00000000a0000000, 0x00000000a3980000, 0x00000000e0000000)
  object space 58880K, 99% used [0x00000000a0000000,0x00000000a39788b8,0x00000000a3980000)
 Metaspace       used 80046K, capacity 83980K, committed 84244K, reserved 1122304K
  class space    used 10512K, capacity 11430K, committed 11540K, reserved 1048576K
Event: 809.114 GC heap after
Heap after GC invocations=29 (full 7):
 PSYoungGen      total 192512K, used 13540K [0x00000000e0000000, 0x00000000ef680000, 0x0000000100000000)
  eden space 165888K, 8% used [0x00000000e0000000,0x00000000e0d39398,0x00000000ea200000)
  from space 26624K, 0% used [0x00000000ec180000,0x00000000ec180000,0x00000000edb80000)
  to   space 32256K, 0% used [0x00000000ea200000,0x00000000ea200000,0x00000000ec180000)
 ParOldGen       total 58880K, used 58599K [0x00000000a0000000, 0x00000000a3980000, 0x00000000e0000000)
  object space 58880K, 99% used [0x00000000a0000000,0x00000000a3939c40,0x00000000a3980000)
 Metaspace       used 80046K, capacity 83980K, committed 84244K, reserved 1122304K
  class space    used 10512K, capacity 11430K, committed 11540K, reserved 1048576K
}
Event: 809.133 GC heap before
{Heap before GC invocations=30 (full 8):
 PSYoungGen      total 192512K, used 126654K [0x00000000e0000000, 0x00000000ef680000, 0x0000000100000000)
  eden space 165888K, 76% used [0x00000000e0000000,0x00000000e7bafae8,0x00000000ea200000)
  from space 26624K, 0% used [0x00000000ec180000,0x00000000ec180000,0x00000000edb80000)
  to   space 32256K, 0% used [0x00000000ea200000,0x00000000ea200000,0x00000000ec180000)
 ParOldGen       total 58880K, used 58599K [0x00000000a0000000, 0x00000000a3980000, 0x00000000e0000000)
  object space 58880K, 99% used [0x00000000a0000000,0x00000000a3939c40,0x00000000a3980000)
 Metaspace       used 80062K, capacity 83992K, committed 84244K, reserved 1122304K
  class space    used 10514K, capacity 11432K, committed 11540K, reserved 1048576K
Event: 809.300 GC heap after
Heap after GC invocations=30 (full 8):
 PSYoungGen      total 192512K, used 13173K [0x00000000e0000000, 0x00000000ef680000, 0x0000000100000000)
  eden space 165888K, 7% used [0x00000000e0000000,0x00000000e0cdd750,0x00000000ea200000)
  from space 26624K, 0% used [0x00000000ec180000,0x00000000ec180000,0x00000000edb80000)
  to   space 32256K, 0% used [0x00000000ea200000,0x00000000ea200000,0x00000000ec180000)
 ParOldGen       total 58880K, used 58599K [0x00000000a0000000, 0x00000000a3980000, 0x00000000e0000000)
  object space 58880K, 99% used [0x00000000a0000000,0x00000000a3939c20,0x00000000a3980000)
 Metaspace       used 80062K, capacity 83992K, committed 84244K, reserved 1122304K
  class space    used 10514K, capacity 11432K, committed 11540K, reserved 1048576K
}

